# JRE version: OpenJDK Runtime Environment Temurin-21.0.4+7 (21.0.4+7) (build 21.0.4+7-LTS)
# Java VM: OpenJDK 64-Bit Server VM Temurin-21.0.4+7 (21.0.4+7-LTS, mixed mode, emulated-client, tiered, compressed oops, compressed class ptrs, g1 gc, windows-amd64)
GC Precious Log:
 CardTable entry size: 512
 Card Set container configuration: InlinePtr #cards 4 size 8 Array Of Cards #cards 16 size 48 Howl #buckets 8 coarsen threshold 3686 Howl Bitmap #cards 512 size 80 coarsen threshold 460 Card regions per heap region 1 cards per card region 4096
 CPUs: 12 total, 12 available
 Memory: 16196M
 Large Page Support: Disabled
 NUMA Support: Disabled
 Compressed Oops: Enabled (Zero based)
 Heap Region Size: 2M
 Heap Min Capacity: 8M
 Heap Initial Capacity: 254M
 Heap Max Capacity: 4050M
 Pre-touch: Disabled
 Parallel Workers: 10
 Concurrent Workers: 3
 Concurrent Refinement Workers: 10
 Periodic GC: Disabled
Heap:
 garbage-first heap   total 102400K, used 40594K [0x0000000702e00000, 0x0000000800000000)
  region size 2048K, 5 young (10240K), 3 survivors (6144K)
 Metaspace       used 69493K, committed 70656K, reserved 1114112K
  class space    used 8621K, committed 9152K, reserved 1048576K
GC Heap History (20 events):
Event: 1.491 GC heap before
{Heap before GC invocations=7 (full 0):
 garbage-first heap   total 149504K, used 91443K [0x0000000702e00000, 0x0000000800000000)
  region size 2048K, 43 young (88064K), 2 survivors (4096K)
 Metaspace       used 34441K, committed 34816K, reserved 1114112K
  class space    used 3927K, committed 4096K, reserved 1048576K
}
Event: 1.497 GC heap after
{Heap after GC invocations=8 (full 0):
 garbage-first heap   total 149504K, used 13683K [0x0000000702e00000, 0x0000000800000000)
  region size 2048K, 4 young (8192K), 4 survivors (8192K)
 Metaspace       used 34441K, committed 34816K, reserved 1114112K
  class space    used 3927K, committed 4096K, reserved 1048576K
}
Event: 1.712 GC heap before
{Heap before GC invocations=8 (full 0):
 garbage-first heap   total 149504K, used 40307K [0x0000000702e00000, 0x0000000800000000)
  region size 2048K, 18 young (36864K), 4 survivors (8192K)
 Metaspace       used 35612K, committed 35968K, reserved 1114112K
  class space    used 4104K, committed 4288K, reserved 1048576K
}
Event: 1.716 GC heap after
{Heap after GC invocations=9 (full 0):
 garbage-first heap   total 149504K, used 15251K [0x0000000702e00000, 0x0000000800000000)
  region size 2048K, 4 young (8192K), 4 survivors (8192K)
 Metaspace       used 35612K, committed 35968K, reserved 1114112K
  class space    used 4104K, committed 4288K, reserved 1048576K
}
Event: 1.875 GC heap before
{Heap before GC invocations=10 (full 0):
 garbage-first heap   total 55296K, used 39827K [0x0000000702e00000, 0x0000000800000000)
  region size 2048K, 16 young (32768K), 4 survivors (8192K)
 Metaspace       used 36983K, committed 37376K, reserved 1114112K
  class space    used 4295K, committed 4480K, reserved 1048576K
}
Event: 1.879 GC heap after
{Heap after GC invocations=11 (full 0):
 garbage-first heap   total 55296K, used 15739K [0x0000000702e00000, 0x0000000800000000)
  region size 2048K, 2 young (4096K), 2 survivors (4096K)
 Metaspace       used 36983K, committed 37376K, reserved 1114112K
  class space    used 4295K, committed 4480K, reserved 1048576K
}
Event: 2.092 GC heap before
{Heap before GC invocations=11 (full 0):
 garbage-first heap   total 55296K, used 42363K [0x0000000702e00000, 0x0000000800000000)
  region size 2048K, 16 young (32768K), 2 survivors (4096K)
 Metaspace       used 38848K, committed 39296K, reserved 1114112K
  class space    used 4579K, committed 4800K, reserved 1048576K
}
Event: 2.095 GC heap after
{Heap after GC invocations=12 (full 0):
 garbage-first heap   total 157696K, used 16915K [0x0000000702e00000, 0x0000000800000000)
  region size 2048K, 2 young (4096K), 2 survivors (4096K)
 Metaspace       used 38848K, committed 39296K, reserved 1114112K
  class space    used 4579K, committed 4800K, reserved 1048576K
}
Event: 2.769 GC heap before
{Heap before GC invocations=12 (full 0):
 garbage-first heap   total 157696K, used 104979K [0x0000000702e00000, 0x0000000800000000)
  region size 2048K, 46 young (94208K), 2 survivors (4096K)
 Metaspace       used 47995K, committed 48576K, reserved 1114112K
  class space    used 5788K, committed 6016K, reserved 1048576K
}
Event: 2.773 GC heap after
{Heap after GC invocations=13 (full 0):
 garbage-first heap   total 157696K, used 20916K [0x0000000702e00000, 0x0000000800000000)
  region size 2048K, 4 young (8192K), 4 survivors (8192K)
 Metaspace       used 47995K, committed 48576K, reserved 1114112K
  class space    used 5788K, committed 6016K, reserved 1048576K
}
Event: 3.429 GC heap before
{Heap before GC invocations=13 (full 0):
 garbage-first heap   total 157696K, used 106932K [0x0000000702e00000, 0x0000000800000000)
  region size 2048K, 46 young (94208K), 4 survivors (8192K)
 Metaspace       used 56488K, committed 57216K, reserved 1114112K
  class space    used 6865K, committed 7168K, reserved 1048576K
}
Event: 3.435 GC heap after
{Heap after GC invocations=14 (full 0):
 garbage-first heap   total 157696K, used 25262K [0x0000000702e00000, 0x0000000800000000)
  region size 2048K, 6 young (12288K), 6 survivors (12288K)
 Metaspace       used 56488K, committed 57216K, reserved 1114112K
  class space    used 6865K, committed 7168K, reserved 1048576K
}
Event: 4.148 GC heap before
{Heap before GC invocations=14 (full 0):
 garbage-first heap   total 157696K, used 55982K [0x0000000702e00000, 0x0000000800000000)
  region size 2048K, 22 young (45056K), 6 survivors (12288K)
 Metaspace       used 59381K, committed 60096K, reserved 1114112K
  class space    used 7266K, committed 7616K, reserved 1048576K
}
Event: 4.155 GC heap after
{Heap after GC invocations=15 (full 0):
 garbage-first heap   total 157696K, used 26799K [0x0000000702e00000, 0x0000000800000000)
  region size 2048K, 4 young (8192K), 4 survivors (8192K)
 Metaspace       used 59381K, committed 60096K, reserved 1114112K
  class space    used 7266K, committed 7616K, reserved 1048576K
}
Event: 7.752 GC heap before
{Heap before GC invocations=16 (full 0):
 garbage-first heap   total 96256K, used 73903K [0x0000000702e00000, 0x0000000800000000)
  region size 2048K, 28 young (57344K), 4 survivors (8192K)
 Metaspace       used 63240K, committed 64064K, reserved 1114112K
  class space    used 7806K, committed 8192K, reserved 1048576K
}
Event: 7.756 GC heap after
{Heap after GC invocations=17 (full 0):
 garbage-first heap   total 96256K, used 30199K [0x0000000702e00000, 0x0000000800000000)
  region size 2048K, 3 young (6144K), 3 survivors (6144K)
 Metaspace       used 63240K, committed 64064K, reserved 1114112K
  class space    used 7806K, committed 8192K, reserved 1048576K
}
Event: 8.112 GC heap before
{Heap before GC invocations=17 (full 0):
 garbage-first heap   total 96256K, used 87543K [0x0000000702e00000, 0x0000000800000000)
  region size 2048K, 28 young (57344K), 3 survivors (6144K)
 Metaspace       used 66835K, committed 67840K, reserved 1114112K
  class space    used 8224K, committed 8640K, reserved 1048576K
}
Event: 8.121 GC heap after
{Heap after GC invocations=18 (full 0):
 garbage-first heap   total 102400K, used 34645K [0x0000000702e00000, 0x0000000800000000)
  region size 2048K, 4 young (8192K), 4 survivors (8192K)
 Metaspace       used 66835K, committed 67840K, reserved 1114112K
  class space    used 8224K, committed 8640K, reserved 1048576K
}
Event: 39.824 GC heap before
{Heap before GC invocations=18 (full 0):
 garbage-first heap   total 102400K, used 85845K [0x0000000702e00000, 0x0000000800000000)
  region size 2048K, 30 young (61440K), 4 survivors (8192K)
 Metaspace       used 69488K, committed 70656K, reserved 1114112K
  class space    used 8621K, committed 9152K, reserved 1048576K
}
Event: 39.834 GC heap after
{Heap after GC invocations=19 (full 0):
 garbage-first heap   total 102400K, used 38546K [0x0000000702e00000, 0x0000000800000000)
  region size 2048K, 3 young (6144K), 3 survivors (6144K)
 Metaspace       used 69488K, committed 70656K, reserved 1114112K
  class space    used 8621K, committed 9152K, reserved 1048576K
}

